<?xml version="1.0" encoding="UTF-8"?>
<testsuite xmlns:xsi="http://www.w3.org/2001/XMLSchema-instance" xsi:noNamespaceSchemaLocation="https://maven.apache.org/surefire/maven-surefire-plugin/xsd/surefire-test-report.xsd" name="compiladores.t3.AppTest" time="0.124" tests="1" errors="1" skipped="0" failures="0">
  <properties>
[...]
</properties>
  <testcase name="shouldAnswerWithTrue" classname="compiladores.t3.AppTest" time="0.012">
    <error message="Unresolved compilation problem: &#10;	The declared package &quot;compiladores.t4&quot; does not match the expected package &quot;compiladores.t3&quot;&#10;" type="java.lang.Error"><![CDATA[java.lang.Error: 
Unresolved compilation problem: 
	The declared package "compiladores.t4" does not match the expected package "compiladores.t3"

	at compiladores.t3.AppTest.<init>(AppTest.java:1)
]]></error>
  </testcase>
</testsuite>